1655733119999	geckodriver	INFO	Listening on 127.0.0.1:36455
1655733120853	mozrunner::runner	INFO	Running command: "/snap/firefox/current/firefox.launcher" "--marionette" "--remote-debugging-port" "59957" "--remote-allow-hosts" "localhost" "-no-remote" "-profile" "/tmp/rust_mozprofileokTxEp"
Gtk-Message: 10:52:01.131: Failed to load module "canberra-gtk-module"
Gtk-Message: 10:52:01.216: Failed to load module "canberra-gtk-module"
ATTENTION: default value of option mesa_glthread overridden by environment.
ATTENTION: default value of option mesa_glthread overridden by environment.
1655733125232	Marionette	INFO	Marionette enabled
WebDriver BiDi listening on ws://localhost:59957
ATTENTION: default value of option mesa_glthread overridden by environment.
console.warn: SearchSettings: "get: No settings file exists, new profile?" (new NotFoundError("Could not open the file at /tmp/rust_mozprofileokTxEp/search.json.mozlz4", (void 0)))
Missing chrome or resource URL: resource://gre/modules/UpdateListener.jsm
1655733126914	Marionette	INFO	Listening on port 46089
DevTools listening on ws://localhost:59957/devtools/browser/3e2ccbfe-acae-432b-a00e-7460f5867560
Read port: 46089
1655733126978	RemoteAgent	WARN	TLS certificate errors will be ignored for this session
JavaScript warning: https://tags.premiumads.com.br/dfp/3c4c00af-0c92-424d-0ca7-08d93fe982d8, line 1: unreachable code after return statement
console.warn: LoginRecipes: "getRecipes: falling back to a synchronous message for:" "https://dol.com.br"
console.warn: LoginRecipes: "getRecipes: falling back to a synchronous message for:" "https://dol.com.br"
console.warn: LoginRecipes: "getRecipes: falling back to a synchronous message for:" "https://dol.com.br"
console.warn: LoginRecipes: "getRecipes: falling back to a synchronous message for:" "https://dol.com.br"
console.warn: LoginRecipes: "getRecipes: falling back to a synchronous message for:" "https://dol.com.br"
console.warn: LoginRecipes: "getRecipes: falling back to a synchronous message for:" "https://dol.com.br"
console.warn: LoginRecipes: "getRecipes: falling back to a synchronous message for:" "https://dol.com.br"
console.warn: LoginRecipes: "getRecipes: falling back to a synchronous message for:" "https://dol.com.br"
console.warn: LoginRecipes: "getRecipes: falling back to a synchronous message for:" "https://dol.com.br"
console.warn: LoginRecipes: "getRecipes: falling back to a synchronous message for:" "https://dol.com.br"
console.warn: LoginRecipes: "getRecipes: falling back to a synchronous message for:" "https://dol.com.br"
console.warn: LoginRecipes: "getRecipes: falling back to a synchronous message for:" "https://dol.com.br"
console.warn: LoginRecipes: "getRecipes: falling back to a synchronous message for:" "https://dol.com.br"
console.warn: LoginRecipes: "getRecipes: falling back to a synchronous message for:" "https://dol.com.br"
console.warn: LoginRecipes: "getRecipes: falling back to a synchronous message for:" "https://dol.com.br"
1655733185200	Marionette	INFO	Stopped listening on port 46089
Missing chrome or resource URL: resource://gre/modules/UpdateListener.jsm
console.error: "Error during quit-application-granted: [Exception... \"File error: Not found\"  nsresult: \"0x80520012 (NS_ERROR_FILE_NOT_FOUND)\"  location: \"JS frame :: resource:///modules/BrowserGlue.jsm :: _onQuitApplicationGranted/tasks< :: line 1969\"  data: no]"
JavaScript error: , line 0: TypeError: NetworkError when attempting to fetch resource.

###!!! [Parent][PImageBridgeParent] Error: RunMessage(msgname=PImageBridge::Msg_WillClose) Channel closing: too late to send/recv, messages will be lost

Sandbox: Unexpected EOF, op 0 flags 00 path /proc/cpuinfo
1655918847371	geckodriver	INFO	Listening on 127.0.0.1:57801
1655918847898	mozrunner::runner	INFO	Running command: "/usr/bin/firefox" "--marionette" "--remote-debugging-port" "38985" "--remote-allow-hosts" "localhost" "-no-remote" "-profile" "/tmp/rust_mozprofileN6pXg4"
ATTENTION: default value of option mesa_glthread overridden by environment.
ATTENTION: default value of option mesa_glthread overridden by environment.
ATTENTION: default value of option mesa_glthread overridden by environment.
ATTENTION: default value of option mesa_glthread overridden by environment.
1655918852636	Marionette	INFO	Marionette enabled
WebDriver BiDi listening on ws://localhost:38985
console.warn: SearchSettings: "get: No settings file exists, new profile?" (new NotFoundError("Could not open the file at /tmp/rust_mozprofileN6pXg4/search.json.mozlz4", (void 0)))
Missing chrome or resource URL: resource://gre/modules/UpdateListener.jsm
1655918861210	Marionette	INFO	Listening on port 42737
Read port: 42737
1655918861337	RemoteAgent	WARN	TLS certificate errors will be ignored for this session
DevTools listening on ws://localhost:38985/devtools/browser/c8a60900-9a9d-498b-9a97-bda999c2f20b
1655918867177	Marionette	INFO	Stopped listening on port 42737
Missing chrome or resource URL: resource://gre/modules/UpdateListener.jsm
console.error: "Error during quit-application-granted: [Exception... \"File error: Not found\"  nsresult: \"0x80520012 (NS_ERROR_FILE_NOT_FOUND)\"  location: \"JS frame :: resource:///modules/BrowserGlue.jsm :: _onQuitApplicationGranted/tasks< :: line 1969\"  data: no]"

###!!! [Child][PContentChild] Error: RunMessage(msgname=PHttpChannel::Msg_DeleteSelf) Channel closing: too late to send/recv, messages will be lost


###!!! [Child][PContentChild] Error: RunMessage(msgname=PHttpChannel::Msg_DeleteSelf) Channel closing: too late to send/recv, messages will be lost


###!!! [Child][PContentChild] Error: RunMessage(msgname=PHttpChannel::Msg_DeleteSelf) Channel closing: too late to send/recv, messages will be lost

1655918870715	geckodriver	INFO	Listening on 127.0.0.1:52753
1655918871217	mozrunner::runner	INFO	Running command: "/usr/bin/firefox" "--marionette" "--remote-debugging-port" "56691" "--remote-allow-hosts" "localhost" "-no-remote" "-profile" "/tmp/rust_mozprofilefrgtB9"
ATTENTION: default value of option mesa_glthread overridden by environment.
ATTENTION: default value of option mesa_glthread overridden by environment.
ATTENTION: default value of option mesa_glthread overridden by environment.
ATTENTION: default value of option mesa_glthread overridden by environment.
1655918875621	Marionette	INFO	Marionette enabled
WebDriver BiDi listening on ws://localhost:56691
console.warn: SearchSettings: "get: No settings file exists, new profile?" (new NotFoundError("Could not open the file at /tmp/rust_mozprofilefrgtB9/search.json.mozlz4", (void 0)))
Missing chrome or resource URL: resource://gre/modules/UpdateListener.jsm
1655918882972	Marionette	INFO	Listening on port 36069
Read port: 36069
1655918883159	RemoteAgent	WARN	TLS certificate errors will be ignored for this session
DevTools listening on ws://localhost:56691/devtools/browser/03dd3815-c301-4c13-b1ee-6782b36b7d1a
1655918889950	Marionette	INFO	Stopped listening on port 36069
Missing chrome or resource URL: resource://gre/modules/UpdateListener.jsm
console.error: "Error during quit-application-granted: [Exception... \"File error: Not found\"  nsresult: \"0x80520012 (NS_ERROR_FILE_NOT_FOUND)\"  location: \"JS frame :: resource:///modules/BrowserGlue.jsm :: _onQuitApplicationGranted/tasks< :: line 1969\"  data: no]"

###!!! [Child][PContentChild] Error: RunMessage(msgname=PHttpChannel::Msg_DeleteSelf) Channel closing: too late to send/recv, messages will be lost


###!!! [Child][PContentChild] Error: RunMessage(msgname=PHttpChannel::Msg_DeleteSelf) Channel closing: too late to send/recv, messages will be lost


###!!! [Child][PContentChild] Error: RunMessage(msgname=PHttpChannel::Msg_DeleteSelf) Channel closing: too late to send/recv, messages will be lost


###!!! [Child][PContentChild] Error: Send(msgname=PHttpChannel::Msg_DeletingChannel) Channel closing: too late to send/recv, messages will be lost


###!!! [Parent][PImageBridgeParent] Error: RunMessage(msgname=PImageBridge::Msg_WillClose) Channel closing: too late to send/recv, messages will be lost

1655918892692	geckodriver	INFO	Listening on 127.0.0.1:52143
1655918893192	mozrunner::runner	INFO	Running command: "/usr/bin/firefox" "--marionette" "--remote-debugging-port" "49787" "--remote-allow-hosts" "localhost" "-no-remote" "-profile" "/tmp/rust_mozprofileZF1OUB"
ATTENTION: default value of option mesa_glthread overridden by environment.
ATTENTION: default value of option mesa_glthread overridden by environment.
ATTENTION: default value of option mesa_glthread overridden by environment.
ATTENTION: default value of option mesa_glthread overridden by environment.
1655918897823	Marionette	INFO	Marionette enabled
WebDriver BiDi listening on ws://localhost:49787
console.warn: SearchSettings: "get: No settings file exists, new profile?" (new NotFoundError("Could not open the file at /tmp/rust_mozprofileZF1OUB/search.json.mozlz4", (void 0)))
Missing chrome or resource URL: resource://gre/modules/UpdateListener.jsm
1655918905394	Marionette	INFO	Listening on port 39429
Read port: 39429
1655918905523	RemoteAgent	WARN	TLS certificate errors will be ignored for this session
DevTools listening on ws://localhost:49787/devtools/browser/6e4313db-65d6-4ade-9168-fa1ef94e3262
1655918911452	Marionette	INFO	Stopped listening on port 39429
Missing chrome or resource URL: resource://gre/modules/UpdateListener.jsm
console.error: "Error during quit-application-granted: [Exception... \"File error: Not found\"  nsresult: \"0x80520012 (NS_ERROR_FILE_NOT_FOUND)\"  location: \"JS frame :: resource:///modules/BrowserGlue.jsm :: _onQuitApplicationGranted/tasks< :: line 1969\"  data: no]"
1655919075742	geckodriver	INFO	Listening on 127.0.0.1:54685
1655919075763	mozrunner::runner	INFO	Running command: "/usr/bin/firefox" "--marionette" "--remote-debugging-port" "44029" "--remote-allow-hosts" "localhost" "-no-remote" "-profile" "/tmp/rust_mozprofiledqxvyH"
ATTENTION: default value of option mesa_glthread overridden by environment.
ATTENTION: default value of option mesa_glthread overridden by environment.
ATTENTION: default value of option mesa_glthread overridden by environment.
ATTENTION: default value of option mesa_glthread overridden by environment.
1655919080464	Marionette	INFO	Marionette enabled
WebDriver BiDi listening on ws://localhost:44029
console.warn: SearchSettings: "get: No settings file exists, new profile?" (new NotFoundError("Could not open the file at /tmp/rust_mozprofiledqxvyH/search.json.mozlz4", (void 0)))
Missing chrome or resource URL: resource://gre/modules/UpdateListener.jsm
1655919087851	Marionette	INFO	Listening on port 45063
Read port: 45063
1655919087979	RemoteAgent	WARN	TLS certificate errors will be ignored for this session
DevTools listening on ws://localhost:44029/devtools/browser/108b296a-c2ae-4fa9-8f12-5aa643051e19
1655919095655	geckodriver	INFO	Listening on 127.0.0.1:59629
1655919096176	mozrunner::runner	INFO	Running command: "/usr/bin/firefox" "--marionette" "--remote-debugging-port" "34123" "--remote-allow-hosts" "localhost" "-no-remote" "-profile" "/tmp/rust_mozprofileonNoTy"
JavaScript error: https://markets.businessinsider.com/news/commodities/russia-gold-export-switzerland-ukraine-invasion-sanctions-metals-palladium-imports-2022-6 line 411 > injectedScript, line 10: ReferenceError: $ is not defined
ATTENTION: default value of option mesa_glthread overridden by environment.
ATTENTION: default value of option mesa_glthread overridden by environment.
ATTENTION: default value of option mesa_glthread overridden by environment.
ATTENTION: default value of option mesa_glthread overridden by environment.
1655919103637	Marionette	INFO	Marionette enabled
WebDriver BiDi listening on ws://localhost:34123
JavaScript error: , line 0: uncaught exception: Object
1655919107008	Marionette	INFO	Stopped listening on port 45063
Missing chrome or resource URL: resource://gre/modules/UpdateListener.jsm
console.error: "Error during quit-application-granted: [Exception... \"File error: Not found\"  nsresult: \"0x80520012 (NS_ERROR_FILE_NOT_FOUND)\"  location: \"JS frame :: resource:///modules/BrowserGlue.jsm :: _onQuitApplicationGranted/tasks< :: line 1969\"  data: no]"

###!!! [Child][PContentChild] Error: Send(msgname=PHttpChannel::Msg_Cancel) Channel closing: too late to send/recv, messages will be lost


###!!! [Child][PContentChild] Error: Send(msgname=PHttpChannel::Msg_DeletingChannel) Channel closing: too late to send/recv, messages will be lost


###!!! [Child][PContentChild] Error: Send(msgname=PContent::Msg_ScriptError) Channel closing: too late to send/recv, messages will be lost


###!!! [Child][PContentChild] Error: Send(msgname=PHttpChannel::Msg_Cancel) Channel closing: too late to send/recv, messages will be lost


###!!! [Child][PContentChild] Error: Send(msgname=PHttpChannel::Msg_DeletingChannel) Channel closing: too late to send/recv, messages will be lost


###!!! [Child][PContentChild] Error: RunMessage(msgname=PHttpChannel::Msg_DeleteSelf) Channel closing: too late to send/recv, messages will be lost

console.warn: SearchSettings: "get: No settings file exists, new profile?" (new NotFoundError("Could not open the file at /tmp/rust_mozprofileonNoTy/search.json.mozlz4", (void 0)))
1655919112388	geckodriver	INFO	Listening on 127.0.0.1:39221
1655919112414	mozrunner::runner	INFO	Running command: "/usr/bin/firefox" "--marionette" "--remote-debugging-port" "45871" "--remote-allow-hosts" "localhost" "-no-remote" "-profile" "/tmp/rust_mozprofileIA1w2R"
Missing chrome or resource URL: resource://gre/modules/UpdateListener.jsm
1655919115292	Marionette	INFO	Listening on port 39949
Read port: 39949
1655919115458	RemoteAgent	WARN	TLS certificate errors will be ignored for this session
DevTools listening on ws://localhost:34123/devtools/browser/2f2d85c1-86ef-4a8d-8107-639bdea49412
ATTENTION: default value of option mesa_glthread overridden by environment.
ATTENTION: default value of option mesa_glthread overridden by environment.
ATTENTION: default value of option mesa_glthread overridden by environment.
ATTENTION: default value of option mesa_glthread overridden by environment.
1655919117003	Marionette	INFO	Marionette enabled
WebDriver BiDi listening on ws://localhost:45871
console.warn: SearchSettings: "get: No settings file exists, new profile?" (new NotFoundError("Could not open the file at /tmp/rust_mozprofileIA1w2R/search.json.mozlz4", (void 0)))
JavaScript error: https://markets.businessinsider.com/news/commodities/russia-gold-export-switzerland-ukraine-invasion-sanctions-metals-palladium-imports-2022-6 line 411 > injectedScript, line 10: ReferenceError: $ is not defined
Missing chrome or resource URL: resource://gre/modules/UpdateListener.jsm
1655919130345	Marionette	INFO	Listening on port 41229
Read port: 41229
1655919130571	RemoteAgent	WARN	TLS certificate errors will be ignored for this session
DevTools listening on ws://localhost:45871/devtools/browser/969723a2-27c9-49ab-991e-bc3ab3a63104
1655919137245	Marionette	INFO	Stopped listening on port 39949
Missing chrome or resource URL: resource://gre/modules/UpdateListener.jsm
console.error: "Error during quit-application-granted: [Exception... \"File error: Not found\"  nsresult: \"0x80520012 (NS_ERROR_FILE_NOT_FOUND)\"  location: \"JS frame :: resource:///modules/BrowserGlue.jsm :: _onQuitApplicationGranted/tasks< :: line 1969\"  data: no]"

###!!! [Child][PContentChild] Error: Send(msgname=PCookieService::Msg_SetCookies) Channel closing: too late to send/recv, messages will be lost


###!!! [Child][PContentChild] Error: Send(msgname=PHttpChannel::Msg_DeletingChannel) Channel closing: too late to send/recv, messages will be lost


###!!! [Child][PContentChild] Error: RunMessage(msgname=PHttpChannel::Msg_DeleteSelf) Channel closing: too late to send/recv, messages will be lost


###!!! [Child][PContentChild] Error: RunMessage(msgname=PHttpChannel::Msg_DeleteSelf) Channel closing: too late to send/recv, messages will be lost


###!!! [Child][PContentChild] Error: RunMessage(msgname=PHttpChannel::Msg_DeleteSelf) Channel closing: too late to send/recv, messages will be lost


###!!! [Child][PContentChild] Error: Send(msgname=PHttpChannel::Msg_DeletingChannel) Channel closing: too late to send/recv, messages will be lost


###!!! [Child][PContentChild] Error: RunMessage(msgname=PHttpChannel::Msg_DeleteSelf) Channel closing: too late to send/recv, messages will be lost


###!!! [Child][PContentChild] Error: RunMessage(msgname=PHttpChannel::Msg_DeleteSelf) Channel closing: too late to send/recv, messages will be lost


###!!! [Child][PContentChild] Error: RunMessage(msgname=PHttpChannel::Msg_DeleteSelf) Channel closing: too late to send/recv, messages will be lost


###!!! [Child][PContentChild] Error: RunMessage(msgname=PHttpChannel::Msg_DeleteSelf) Channel closing: too late to send/recv, messages will be lost


###!!! [Child][PContentChild] Error: RunMessage(msgname=PHttpChannel::Msg_DeleteSelf) Channel closing: too late to send/recv, messages will be lost


###!!! [Child][PContentChild] Error: RunMessage(msgname=PHttpChannel::Msg_DeleteSelf) Channel closing: too late to send/recv, messages will be lost


###!!! [Parent][PImageBridgeParent] Error: RunMessage(msgname=PImageBridge::Msg_WillClose) Channel closing: too late to send/recv, messages will be lost

1655919144472	geckodriver	INFO	Listening on 127.0.0.1:33467
1655919144993	mozrunner::runner	INFO	Running command: "/usr/bin/firefox" "--marionette" "--remote-debugging-port" "40915" "--remote-allow-hosts" "localhost" "-no-remote" "-profile" "/tmp/rust_mozprofile5xuj9T"
JavaScript error: https://www.googletagmanager.com/gtm.js?id=GTM-NS64GV, line 36: uncaught exception: [object Object]
JavaScript error: https://markets.businessinsider.com/news/commodities/oil-india-russia-cheap-prices-brent-energy-war-ukraine-commodities-2022-6 line 411 > injectedScript, line 10: ReferenceError: $ is not defined
ATTENTION: default value of option mesa_glthread overridden by environment.
ATTENTION: default value of option mesa_glthread overridden by environment.
ATTENTION: default value of option mesa_glthread overridden by environment.
ATTENTION: default value of option mesa_glthread overridden by environment.
1655919151527	Marionette	INFO	Marionette enabled
WebDriver BiDi listening on ws://localhost:40915
1655919157483	Marionette	INFO	Stopped listening on port 41229
console.warn: SearchSettings: "get: No settings file exists, new profile?" (new NotFoundError("Could not open the file at /tmp/rust_mozprofile5xuj9T/search.json.mozlz4", (void 0)))
Missing chrome or resource URL: resource://gre/modules/UpdateListener.jsm
console.error: "Error during quit-application-granted: [Exception... \"File error: Not found\"  nsresult: \"0x80520012 (NS_ERROR_FILE_NOT_FOUND)\"  location: \"JS frame :: resource:///modules/BrowserGlue.jsm :: _onQuitApplicationGranted/tasks< :: line 1969\"  data: no]"

###!!! [Child][PContentChild] Error: RunMessage(msgname=PHttpChannel::Msg_DeleteSelf) Channel closing: too late to send/recv, messages will be lost


###!!! [Child][PContentChild] Error: RunMessage(msgname=PHttpChannel::Msg_DeleteSelf) Channel closing: too late to send/recv, messages will be lost


###!!! [Child][PContentChild] Error: RunMessage(msgname=PHttpChannel::Msg_DeleteSelf) Channel closing: too late to send/recv, messages will be lost


###!!! [Child][PContentChild] Error: RunMessage(msgname=PWebSocket::Msg___delete__) Channel closing: too late to send/recv, messages will be lost


###!!! [Child][PContentChild] Error: RunMessage(msgname=PHttpChannel::Msg_DeleteSelf) Channel closing: too late to send/recv, messages will be lost

Missing chrome or resource URL: resource://gre/modules/UpdateListener.jsm
1655919163039	Marionette	INFO	Listening on port 40053
Read port: 40053
1655919163154	RemoteAgent	WARN	TLS certificate errors will be ignored for this session
DevTools listening on ws://localhost:40915/devtools/browser/d07fffae-0d2e-4e81-82c6-b7d772d0c31a
JavaScript error: https://www.googletagmanager.com/gtm.js?id=GTM-MBTPXX, line 36: uncaught exception: [object Object]
JavaScript error: https://markets.businessinsider.com/news/commodities/oil-india-russia-cheap-prices-brent-energy-war-ukraine-commodities-2022-6 line 411 > injectedScript, line 10: ReferenceError: $ is not defined
1655919184118	Marionette	INFO	Stopped listening on port 40053
Missing chrome or resource URL: resource://gre/modules/UpdateListener.jsm
console.error: "Error during quit-application-granted: [Exception... \"File error: Not found\"  nsresult: \"0x80520012 (NS_ERROR_FILE_NOT_FOUND)\"  location: \"JS frame :: resource:///modules/BrowserGlue.jsm :: _onQuitApplicationGranted/tasks< :: line 1969\"  data: no]"

###!!! [Parent][PImageBridgeParent] Error: RunMessage(msgname=PImageBridge::Msg_WillClose) Channel closing: too late to send/recv, messages will be lost

1655919215427	geckodriver	INFO	Listening on 127.0.0.1:37317
1655919215948	mozrunner::runner	INFO	Running command: "/usr/bin/firefox" "--marionette" "--remote-debugging-port" "43407" "--remote-allow-hosts" "localhost" "-no-remote" "-profile" "/tmp/rust_mozprofileih47gE"
ATTENTION: default value of option mesa_glthread overridden by environment.
ATTENTION: default value of option mesa_glthread overridden by environment.
ATTENTION: default value of option mesa_glthread overridden by environment.
ATTENTION: default value of option mesa_glthread overridden by environment.
1655919220175	Marionette	INFO	Marionette enabled
WebDriver BiDi listening on ws://localhost:43407
console.warn: SearchSettings: "get: No settings file exists, new profile?" (new NotFoundError("Could not open the file at /tmp/rust_mozprofileih47gE/search.json.mozlz4", (void 0)))
Missing chrome or resource URL: resource://gre/modules/UpdateListener.jsm
1655919227618	Marionette	INFO	Listening on port 43009
Read port: 43009
1655919227778	RemoteAgent	WARN	TLS certificate errors will be ignored for this session
DevTools listening on ws://localhost:43407/devtools/browser/11701449-041c-4bd4-8bac-e7cc7175a366
JavaScript error: https://www.googletagmanager.com/gtm.js?id=GTM-MBTPXX, line 36: uncaught exception: [object Object]
JavaScript error: https://markets.businessinsider.com/news/commodities/russia-gold-export-switzerland-ukraine-invasion-sanctions-metals-palladium-imports-2022-6 line 411 > injectedScript, line 10: ReferenceError: $ is not defined
Missing chrome or resource URL: resource://gre/modules/UpdateListener.jsm
console.error: "Error during quit-application-granted: [Exception... \"File error: Not found\"  nsresult: \"0x80520012 (NS_ERROR_FILE_NOT_FOUND)\"  location: \"JS frame :: resource:///modules/BrowserGlue.jsm :: _onQuitApplicationGranted/tasks< :: line 1969\"  data: no]"
1655919240927	Marionette	INFO	Stopped listening on port 43009
1655919247738	geckodriver::marionette	ERROR	Failed to close browser connection: Socket not connected (os error 107)
1655919269676	geckodriver	INFO	Listening on 127.0.0.1:50607
1655919269698	mozrunner::runner	INFO	Running command: "/usr/bin/firefox" "--marionette" "--remote-debugging-port" "59665" "--remote-allow-hosts" "localhost" "-no-remote" "-profile" "/tmp/rust_mozprofiletsLdjM"
ATTENTION: default value of option mesa_glthread overridden by environment.
ATTENTION: default value of option mesa_glthread overridden by environment.
ATTENTION: default value of option mesa_glthread overridden by environment.
ATTENTION: default value of option mesa_glthread overridden by environment.
1655919273919	Marionette	INFO	Marionette enabled
WebDriver BiDi listening on ws://localhost:59665
console.warn: SearchSettings: "get: No settings file exists, new profile?" (new NotFoundError("Could not open the file at /tmp/rust_mozprofiletsLdjM/search.json.mozlz4", (void 0)))
Missing chrome or resource URL: resource://gre/modules/UpdateListener.jsm
1655919281034	Marionette	INFO	Listening on port 41059
Read port: 41059
DevTools listening on ws://localhost:59665/devtools/browser/dc144608-2e6d-41c3-8c26-a8fdefe889ff
1655919281240	RemoteAgent	WARN	TLS certificate errors will be ignored for this session
Missing chrome or resource URL: resource://gre/modules/UpdateListener.jsm
console.error: "Error during quit-application-granted: [Exception... \"File error: Not found\"  nsresult: \"0x80520012 (NS_ERROR_FILE_NOT_FOUND)\"  location: \"JS frame :: resource:///modules/BrowserGlue.jsm :: _onQuitApplicationGranted/tasks< :: line 1969\"  data: no]"
1655919292759	Marionette	INFO	Stopped listening on port 41059
1655919303991	geckodriver::marionette	ERROR	Failed to close browser connection: Socket not connected (os error 107)
1655919368787	geckodriver	INFO	Listening on 127.0.0.1:55697
1655919368814	mozrunner::runner	INFO	Running command: "/usr/bin/firefox" "--marionette" "--remote-debugging-port" "34215" "--remote-allow-hosts" "localhost" "-no-remote" "-profile" "/tmp/rust_mozprofilegYMHZS"
ATTENTION: default value of option mesa_glthread overridden by environment.
ATTENTION: default value of option mesa_glthread overridden by environment.
ATTENTION: default value of option mesa_glthread overridden by environment.
ATTENTION: default value of option mesa_glthread overridden by environment.
1655919373086	Marionette	INFO	Marionette enabled
WebDriver BiDi listening on ws://localhost:34215
console.warn: SearchSettings: "get: No settings file exists, new profile?" (new NotFoundError("Could not open the file at /tmp/rust_mozprofilegYMHZS/search.json.mozlz4", (void 0)))
Missing chrome or resource URL: resource://gre/modules/UpdateListener.jsm
1655919380229	Marionette	INFO	Listening on port 40807
Read port: 40807
1655919380331	RemoteAgent	WARN	TLS certificate errors will be ignored for this session
DevTools listening on ws://localhost:34215/devtools/browser/df6681d9-43a7-46c0-be86-fed839db58ab
JavaScript error: https://www.googletagmanager.com/gtm.js?id=GTM-MBTPXX, line 36: uncaught exception: [object Object]
JavaScript error: https://markets.businessinsider.com/news/stocks/suze-orman-inflation-recession-stocks-crypto-bitcoin-housing-oil-price-2022-6 line 411 > injectedScript, line 10: ReferenceError: $ is not defined
JavaScript error: , line 0: uncaught exception: Object
1655919401056	Marionette	INFO	Stopped listening on port 40807
Missing chrome or resource URL: resource://gre/modules/UpdateListener.jsm
console.error: "Error during quit-application-granted: [Exception... \"File error: Not found\"  nsresult: \"0x80520012 (NS_ERROR_FILE_NOT_FOUND)\"  location: \"JS frame :: resource:///modules/BrowserGlue.jsm :: _onQuitApplicationGranted/tasks< :: line 1969\"  data: no]"
1655919404990	geckodriver	INFO	Listening on 127.0.0.1:56267
1655919405014	mozrunner::runner	INFO	Running command: "/usr/bin/firefox" "--marionette" "--remote-debugging-port" "59919" "--remote-allow-hosts" "localhost" "-no-remote" "-profile" "/tmp/rust_mozprofile0sbjm9"
ATTENTION: default value of option mesa_glthread overridden by environment.
ATTENTION: default value of option mesa_glthread overridden by environment.
ATTENTION: default value of option mesa_glthread overridden by environment.
ATTENTION: default value of option mesa_glthread overridden by environment.
1655919409263	Marionette	INFO	Marionette enabled
WebDriver BiDi listening on ws://localhost:59919
console.warn: SearchSettings: "get: No settings file exists, new profile?" (new NotFoundError("Could not open the file at /tmp/rust_mozprofile0sbjm9/search.json.mozlz4", (void 0)))
Missing chrome or resource URL: resource://gre/modules/UpdateListener.jsm
1655919416392	Marionette	INFO	Listening on port 41123
Read port: 41123
1655919416528	RemoteAgent	WARN	TLS certificate errors will be ignored for this session
DevTools listening on ws://localhost:59919/devtools/browser/a16f9296-9b5e-4a3c-9085-ae90a099ad51
JavaScript error: https://markets.businessinsider.com/news/currencies/tether-stablecoin-crypto-token-pegged-british-pound-sterling-currencies-markets-2022-6 line 411 > injectedScript, line 2: TypeError: ref is undefined
JavaScript error: https://www.googletagmanager.com/gtm.js?id=GTM-MBTPXX, line 36: uncaught exception: [object Object]
JavaScript error: https://markets.businessinsider.com/news/currencies/tether-stablecoin-crypto-token-pegged-british-pound-sterling-currencies-markets-2022-6 line 411 > injectedScript, line 2: TypeError: ref is undefined
JavaScript error: https://www.googletagmanager.com/gtm.js?id=GTM-MBTPXX, line 36: uncaught exception: [object Object]
JavaScript error: https://markets.businessinsider.com/news/currencies/tether-stablecoin-crypto-token-pegged-british-pound-sterling-currencies-markets-2022-6 line 411 > injectedScript, line 10: ReferenceError: $ is not defined
JavaScript error: https://www.googletagmanager.com/gtm.js?id=GTM-MBTPXX, line 36: uncaught exception: [object Object]
JavaScript error: https://markets.businessinsider.com/chunks/scripts/mi.083e7a633d355523b7a3.js, line 1: Error: Sorry, Looks like this feed is down!
1655919439418	Marionette	INFO	Stopped listening on port 41123
Missing chrome or resource URL: resource://gre/modules/UpdateListener.jsm
console.error: "Error during quit-application-granted: [Exception... \"File error: Not found\"  nsresult: \"0x80520012 (NS_ERROR_FILE_NOT_FOUND)\"  location: \"JS frame :: resource:///modules/BrowserGlue.jsm :: _onQuitApplicationGranted/tasks< :: line 1969\"  data: no]"

###!!! [Parent][PImageBridgeParent] Error: RunMessage(msgname=PImageBridge::Msg_WillClose) Channel closing: too late to send/recv, messages will be lost

1655919443883	geckodriver	INFO	Listening on 127.0.0.1:45793
1655919443907	mozrunner::runner	INFO	Running command: "/usr/bin/firefox" "--marionette" "--remote-debugging-port" "51937" "--remote-allow-hosts" "localhost" "-no-remote" "-profile" "/tmp/rust_mozprofileQYFLjM"
ATTENTION: default value of option mesa_glthread overridden by environment.
ATTENTION: default value of option mesa_glthread overridden by environment.
ATTENTION: default value of option mesa_glthread overridden by environment.
ATTENTION: default value of option mesa_glthread overridden by environment.
1655919448132	Marionette	INFO	Marionette enabled
WebDriver BiDi listening on ws://localhost:51937
console.warn: SearchSettings: "get: No settings file exists, new profile?" (new NotFoundError("Could not open the file at /tmp/rust_mozprofileQYFLjM/search.json.mozlz4", (void 0)))
Missing chrome or resource URL: resource://gre/modules/UpdateListener.jsm
1655919455510	Marionette	INFO	Listening on port 45585
Read port: 45585
1655919455627	RemoteAgent	WARN	TLS certificate errors will be ignored for this session
DevTools listening on ws://localhost:51937/devtools/browser/91ec0a25-4fb8-46f2-b1bc-5613036dd1bf
JavaScript error: https://www.googletagmanager.com/gtm.js?id=GTM-MBTPXX, line 36: uncaught exception: [object Object]
JavaScript error: https://markets.businessinsider.com/news/currencies/bitcoin-crash-crypto-billionaire-sam-bankman-fried-ftx-jpmorgan-scaramucci-2022-6 line 411 > injectedScript, line 2: TypeError: ref is undefined
JavaScript error: https://www.googletagmanager.com/gtm.js?id=GTM-MBTPXX, line 36: uncaught exception: [object Object]
JavaScript error: https://markets.businessinsider.com/news/currencies/bitcoin-crash-crypto-billionaire-sam-bankman-fried-ftx-jpmorgan-scaramucci-2022-6 line 411 > injectedScript, line 2: TypeError: ref is undefined
JavaScript error: https://www.googletagmanager.com/gtm.js?id=GTM-MBTPXX, line 36: uncaught exception: [object Object]
JavaScript error: https://markets.businessinsider.com/news/currencies/bitcoin-crash-crypto-billionaire-sam-bankman-fried-ftx-jpmorgan-scaramucci-2022-6 line 411 > injectedScript, line 10: ReferenceError: $ is not defined
JavaScript error: https://eus.rubiconproject.com/usync.js, line 4: SecurityError: The operation is insecure.
1655919477965	Marionette	INFO	Stopped listening on port 45585
Missing chrome or resource URL: resource://gre/modules/UpdateListener.jsm
console.error: "Error during quit-application-granted: [Exception... \"File error: Not found\"  nsresult: \"0x80520012 (NS_ERROR_FILE_NOT_FOUND)\"  location: \"JS frame :: resource:///modules/BrowserGlue.jsm :: _onQuitApplicationGranted/tasks< :: line 1969\"  data: no]"

###!!! [Child][PContentChild] Error: Send(msgname=PHttpChannel::Msg_DeletingChannel) Channel closing: too late to send/recv, messages will be lost


###!!! [Child][PContentChild] Error: RunMessage(msgname=PHttpChannel::Msg_DeleteSelf) Channel closing: too late to send/recv, messages will be lost


###!!! [Child][PContentChild] Error: RunMessage(msgname=PHttpChannel::Msg_DeleteSelf) Channel closing: too late to send/recv, messages will be lost


###!!! [Child][PContentChild] Error: RunMessage(msgname=PHttpChannel::Msg_DeleteSelf) Channel closing: too late to send/recv, messages will be lost


###!!! [Child][PContentChild] Error: RunMessage(msgname=PHttpChannel::Msg_DeleteSelf) Channel closing: too late to send/recv, messages will be lost


###!!! [Child][PContentChild] Error: RunMessage(msgname=PHttpChannel::Msg_DeleteSelf) Channel closing: too late to send/recv, messages will be lost


###!!! [Child][PContentChild] Error: RunMessage(msgname=PHttpChannel::Msg_DeleteSelf) Channel closing: too late to send/recv, messages will be lost


###!!! [Child][PContentChild] Error: RunMessage(msgname=PHttpChannel::Msg_DeleteSelf) Channel closing: too late to send/recv, messages will be lost


###!!! [Child][PContentChild] Error: RunMessage(msgname=PHttpChannel::Msg_DeleteSelf) Channel closing: too late to send/recv, messages will be lost


###!!! [Child][PContentChild] Error: Send(msgname=PHttpChannel::Msg_RemoveCorsPreflightCacheEntry) Channel closing: too late to send/recv, messages will be lost


###!!! [Child][PContentChild] Error: Send(msgname=PHttpChannel::Msg_DeletingChannel) Channel closing: too late to send/recv, messages will be lost


###!!! [Child][PContentChild] Error: RunMessage(msgname=PHttpChannel::Msg_DeleteSelf) Channel closing: too late to send/recv, messages will be lost


###!!! [Child][PContentChild] Error: RunMessage(msgname=PHttpChannel::Msg_DeleteSelf) Channel closing: too late to send/recv, messages will be lost


###!!! [Child][PContentChild] Error: RunMessage(msgname=PHttpChannel::Msg_DeleteSelf) Channel closing: too late to send/recv, messages will be lost


###!!! [Child][PContentChild] Error: RunMessage(msgname=PHttpChannel::Msg_DeleteSelf) Channel closing: too late to send/recv, messages will be lost


###!!! [Child][PContentChild] Error: RunMessage(msgname=PHttpChannel::Msg_DeleteSelf) Channel closing: too late to send/recv, messages will be lost


###!!! [Child][PContentChild] Error: RunMessage(msgname=PHttpChannel::Msg_DeleteSelf) Channel closing: too late to send/recv, messages will be lost


###!!! [Child][PContentChild] Error: RunMessage(msgname=PHttpChannel::Msg_DeleteSelf) Channel closing: too late to send/recv, messages will be lost


###!!! [Child][PContentChild] Error: RunMessage(msgname=PHttpChannel::Msg_DeleteSelf) Channel closing: too late to send/recv, messages will be lost


###!!! [Child][PContentChild] Error: RunMessage(msgname=PHttpChannel::Msg_DeleteSelf) Channel closing: too late to send/recv, messages will be lost


###!!! [Child][PContentChild] Error: RunMessage(msgname=PHttpChannel::Msg_DeleteSelf) Channel closing: too late to send/recv, messages will be lost


###!!! [Child][PContentChild] Error: RunMessage(msgname=PHttpChannel::Msg_DeleteSelf) Channel closing: too late to send/recv, messages will be lost


###!!! [Child][PContentChild] Error: RunMessage(msgname=PHttpChannel::Msg_DeleteSelf) Channel closing: too late to send/recv, messages will be lost


###!!! [Child][PContentChild] Error: RunMessage(msgname=PHttpChannel::Msg_DeleteSelf) Channel closing: too late to send/recv, messages will be lost


###!!! [Child][PContentChild] Error: RunMessage(msgname=PHttpChannel::Msg_DeleteSelf) Channel closing: too late to send/recv, messages will be lost


###!!! [Child][PContentChild] Error: RunMessage(msgname=PHttpChannel::Msg_DeleteSelf) Channel closing: too late to send/recv, messages will be lost


###!!! [Child][PContentChild] Error: RunMessage(msgname=PHttpChannel::Msg_DeleteSelf) Channel closing: too late to send/recv, messages will be lost


###!!! [Child][PContentChild] Error: Send(msgname=PCookieService::Msg_SetCookies) Channel closing: too late to send/recv, messages will be lost


###!!! [Child][PContentChild] Error: Send(msgname=PHttpChannel::Msg_DeletingChannel) Channel closing: too late to send/recv, messages will be lost


###!!! [Child][PContentChild] Error: RunMessage(msgname=PHttpChannel::Msg_DeleteSelf) Channel closing: too late to send/recv, messages will be lost


###!!! [Child][PContentChild] Error: RunMessage(msgname=PHttpChannel::Msg_DeleteSelf) Channel closing: too late to send/recv, messages will be lost


###!!! [Child][PContentChild] Error: RunMessage(msgname=PHttpChannel::Msg_DeleteSelf) Channel closing: too late to send/recv, messages will be lost


###!!! [Child][PContentChild] Error: RunMessage(msgname=PHttpChannel::Msg_DeleteSelf) Channel closing: too late to send/recv, messages will be lost


###!!! [Child][PContentChild] Error: RunMessage(msgname=PHttpChannel::Msg_DeleteSelf) Channel closing: too late to send/recv, messages will be lost


###!!! [Child][PContentChild] Error: RunMessage(msgname=PHttpChannel::Msg_DeleteSelf) Channel closing: too late to send/recv, messages will be lost


###!!! [Child][PContentChild] Error: RunMessage(msgname=PHttpChannel::Msg_DeleteSelf) Channel closing: too late to send/recv, messages will be lost


###!!! [Child][PContentChild] Error: RunMessage(msgname=PHttpChannel::Msg_DeleteSelf) Channel closing: too late to send/recv, messages will be lost


###!!! [Child][PContentChild] Error: RunMessage(msgname=PHttpChannel::Msg_DeleteSelf) Channel closing: too late to send/recv, messages will be lost


###!!! [Child][PContentChild] Error: RunMessage(msgname=PHttpChannel::Msg_DeleteSelf) Channel closing: too late to send/recv, messages will be lost


###!!! [Child][PContentChild] Error: RunMessage(msgname=PHttpChannel::Msg_DeleteSelf) Channel closing: too late to send/recv, messages will be lost


###!!! [Child][PContentChild] Error: RunMessage(msgname=PHttpChannel::Msg_DeleteSelf) Channel closing: too late to send/recv, messages will be lost


###!!! [Child][PContentChild] Error: Send(msgname=PHttpChannel::Msg_Cancel) Channel closing: too late to send/recv, messages will be lost


###!!! [Child][PContentChild] Error: Send(msgname=PHttpChannel::Msg_DeletingChannel) Channel closing: too late to send/recv, messages will be lost

